    1    1    6    9   10   11    7    3    2
    2    3    7   11   12   13    8    5    4
    3    9   14   17   18   19   15   11   10
    4   11   15   19   20   21   16   13   12
    5   17   22   25   26   27   23   19   18
    6   19   23   27   28   29   24   21   20
   1.5000000       0.0000000       0.0000000    
   1.0606601       1.0606601       0.0000000    
 -0.65567079E-07   1.5000000       0.0000000    
  -1.0606601       1.0606601       0.0000000    
  -1.5000000     -0.13113416E-06   0.0000000    
   1.5000000       0.0000000      0.25000000    
 -0.65567100E-07   1.5000000      0.25000000    
  -1.5000000     -0.13113416E-06  0.25000000    
   1.5000000       0.0000000      0.50000000    
   1.0606601       1.0606601      0.50000000    
 -0.65567122E-07   1.5000000      0.50000000    
  -1.0606601       1.0606601      0.50000000    
  -1.5000000     -0.13113416E-06  0.50000000    
   1.5000000       0.0000000      0.75000000    
 -0.65567122E-07   1.5000000      0.75000000    
  -1.5000000     -0.13113416E-06  0.75000000    
   1.5000000       0.0000000       1.0000000    
   1.0606601       1.0606601       1.0000000    
 -0.65567107E-07   1.5000000       1.0000000    
  -1.0606601       1.0606601       1.0000000    
  -1.5000000     -0.13113416E-06   1.0000000    
   1.5000000       0.0000000       1.2500000    
 -0.65567093E-07   1.5000000       1.2500000    
  -1.5000000     -0.13113416E-06   1.2500000    
   1.5000000       0.0000000       1.5000000    
   1.0606601       1.0606601       1.5000000    
 -0.65567079E-07   1.5000000       1.5000000    
  -1.0606601       1.0606601       1.5000000    
  -1.5000000     -0.13113416E-06   1.5000000    
   1.0606601       1.0606601      0.25000000    
  -1.0606601       1.0606601      0.25000000    
   1.0606601       1.0606601      0.75000000    
  -1.0606601       1.0606601      0.75000000    
   1.0606601       1.0606601       1.2500000    
  -1.0606601       1.0606601       1.2500000    
